*** Using Compiler 'V6.15', folder: 'D:\keil_5.33\ARM\ARMCLANG\Bin'
Build target 'nor_sdram_zf_dtcm_v6'
compiling main.c...
compiling timer_pit.c...
compiling encoder.c...
compiling SEEKFREE_BLUETOOTH_CH9141.c...
compiling imu963.c...
compiling button.c...
compiling carmove.c...
compiling smotor.c...
compiling isr.c...
compiling display.c...
compiling buzzer.c...
compiling motor.c...
compiling openart1.c...
compiling openart2.c...
linking...
Program Size: Code=82984 RO-data=9300 RW-data=804 ZI-data=458972  
".\Objects\RT106X.axf" - 0 Error(s), 0 Warning(s).
Build Time Elapsed:  00:00:04
